#-----------------------------------------------------------
# Vivado v2024.2 (64-bit)
# SW Build 5239630 on Fri Nov 08 22:35:27 MST 2024
# IP Build 5239520 on Sun Nov 10 16:12:51 MST 2024
# SharedData Build 5239561 on Fri Nov 08 14:39:27 MST 2024
# Start of session at: Sat Jun 14 17:14:03 2025
# Process ID         : 22944
# Current directory  : C:/Users/Ash29062/OneDrive - National Institute of Technology Karnataka, Surathkal/Desktop/MIPS-32/Mips 32 sim2
# Command line       : vivado.exe -gui_launcher_event rodinguilauncherevent11076 C:\Users\Ash29062\OneDrive - National Institute of Technology Karnataka, Surathkal\Desktop\MIPS-32\Mips 32 sim2\project_2.xpr
# Log file           : C:/Users/Ash29062/OneDrive - National Institute of Technology Karnataka, Surathkal/Desktop/MIPS-32/Mips 32 sim2/vivado.log
# Journal file       : C:/Users/Ash29062/OneDrive - National Institute of Technology Karnataka, Surathkal/Desktop/MIPS-32/Mips 32 sim2\vivado.jou
# Running On         : DESKTOP-20GRUVQ
# Platform           : Windows Server 2016 or Windows 10
# Operating System   : 26100
# Processor Detail   : 12th Gen Intel(R) Core(TM) i5-12450H
# CPU Frequency      : 2496 MHz
# CPU Physical cores : 8
# CPU Logical cores  : 12
# Host memory        : 16831 MB
# Swap memory        : 16831 MB
# Total Virtual      : 33663 MB
# Available Virtual  : 17546 MB
#-----------------------------------------------------------
start_gui
open_project {C:/Users/Ash29062/OneDrive - National Institute of Technology Karnataka, Surathkal/Desktop/MIPS-32/Mips 32 sim2/project_2.xpr}
INFO: [ProjectBase 1-489] The host OS only allows 260 characters in a normal path. The project is stored in a path with more than 80 characters. If you experience issues with IP, Block Designs, or files not being found, please consider moving the project to a location with a shorter path. Alternately consider using the OS subst command to map part of the path to a drive letter.
Current project path is 'C:/Users/Ash29062/OneDrive - National Institute of Technology Karnataka, Surathkal/Desktop/MIPS-32/Mips 32 sim2'
INFO: [filemgmt 56-3] Default IP Output Path : Could not find the directory 'C:/Users/Ash29062/OneDrive - National Institute of Technology Karnataka, Surathkal/Desktop/MIPS-32/Mips 32 sim2/project_2.gen/sources_1'.
Scanning sources...
Finished scanning sources
INFO: [IP_Flow 19-234] Refreshing IP repositories
INFO: [IP_Flow 19-1704] No user IP repositories specified
INFO: [IP_Flow 19-2313] Loaded Vivado IP repository 'C:/Xilinx/Vivado/2024.2/data/ip'.
open_project: Time (s): cpu = 00:00:08 ; elapsed = 00:00:05 . Memory (MB): peak = 1191.465 ; gain = 85.938
update_compile_order -fileset sources_1
lexit
INFO: [Common 17-206] Exiting Vivado at Sat Jun 14 17:16:04 2025...
rive - National Institute of Technology Karnataka, Surathkal/Desktop/MIPS-32/Mips 32 sim2/project_2.cache/wt' already exists, is a directory, but is not writable.
launch_simulation
Command: launch_simulation 
INFO: [Vivado 12-12493] Simulation top is 'test_mips32'
WARNING: [Vivado 12-13340] Unable to auto find GCC executables from simulator install path! (path not set)
INFO: [Vivado 12-5682] Launching behavioral simulation in 'C:/Users/Ash29062/OneDrive - National Institute of Technology Karnataka, Surathkal/Desktop/MIPS-32/Mips 32 sim2/project_2.sim/sim_1/behav/xsim'
INFO: [SIM-utils-51] Simulation object is 'sim_1'
INFO: [SIM-utils-72] Using boost library from 'C:/Xilinx/Vivado/2024.2/tps/boost_1_72_0'
INFO: [SIM-utils-54] Inspecting design source files for 'test_mips32' in fileset 'sim_1'...
INFO: [USF-XSim-97] Finding global include files...
INFO: [USF-XSim-98] Fetching design files from 'sim_1'...
INFO: [USF-XSim-2] XSim::Compile design
INFO: [USF-XSim-61] Executing 'COMPILE and ANALYZE' step in 'C:/Users/Ash29062/OneDrive - National Institute of Technology Karnataka, Surathkal/Desktop/MIPS-32/Mips 32 sim2/project_2.sim/sim_1/behav/xsim'
INFO: [USF-XSim-69] 'compile' step finished in '0' seconds
ERROR: [USF-XSim-62] 'compile' step failed with error(s) while executing 'C:/Users/Ash29062/OneDrive - National Institute of Technology Karnataka, Surathkal/Desktop/MIPS-32/Mips 32 sim2/project_2.sim/sim_1/behav/xsim/compile.bat' script. Please check that the file has the correct 'read/write/execute' permissions and the Tcl console output for any other possible errors or warnings.
ERROR: [Vivado 12-4473] Detected error while running simulation. Please correct the issue and retry this operation.
ERROR: [Common 17-39] 'launch_simulation' failed due to earlier errors.
launch_simulation
Command: launch_simulation 
INFO: [Vivado 12-12493] Simulation top is 'test_mips32'
WARNING: [Vivado 12-13340] Unable to auto find GCC executables from simulator install path! (path not set)
INFO: [Vivado 12-5682] Launching behavioral simulation in 'C:/Users/Ash29062/OneDrive - National Institute of Technology Karnataka, Surathkal/Desktop/MIPS-32/Mips 32 sim2/project_2.sim/sim_1/behav/xsim'
INFO: [SIM-utils-51] Simulation object is 'sim_1'
INFO: [SIM-utils-72] Using boost library from 'C:/Xilinx/Vivado/2024.2/tps/boost_1_72_0'
INFO: [SIM-utils-54] Inspecting design source files for 'test_mips32' in fileset 'sim_1'...
INFO: [USF-XSim-97] Finding global include files...
INFO: [USF-XSim-98] Fetching design files from 'sim_1'...
INFO: [USF-XSim-2] XSim::Compile design
INFO: [USF-XSim-61] Executing 'COMPILE and ANALYZE' step in 'C:/Users/Ash29062/OneDrive - National Institute of Technology Karnataka, Surathkal/Desktop/MIPS-32/Mips 32 sim2/project_2.sim/sim_1/behav/xsim'
"xvlog --incr --relax -prj test_mips32_vlog.prj"
INFO: [VRFC 10-2263] Analyzing Verilog file "C:/Users/Ash29062/OneDrive - National Institute of Technology Karnataka, Surathkal/Desktop/MIPS-32/Mips 32 sim2/project_2.srcs/sources_1/new/processor.v" into library xil_defaultlib
INFO: [VRFC 10-311] analyzing module pipe_MIPS32
INFO: [VRFC 10-2263] Analyzing Verilog file "C:/Users/Ash29062/OneDrive - National Institute of Technology Karnataka, Surathkal/Desktop/MIPS-32/Mips 32 sim2/project_2.srcs/sim_1/new/Mips_tb2.v" into library xil_defaultlib
INFO: [VRFC 10-311] analyzing module test_mips32
INFO: [VRFC 10-2263] Analyzing Verilog file "C:/Users/Ash29062/OneDrive - National Institute of Technology Karnataka, Surathkal/Desktop/MIPS-32/Mips 32 sim2/project_2.sim/sim_1/behav/xsim/glbl.v" into library xil_defaultlib
INFO: [VRFC 10-311] analyzing module glbl
INFO: [USF-XSim-69] 'compile' step finished in '2' seconds
INFO: [USF-XSim-3] XSim::Elaborate design
INFO: [USF-XSim-61] Executing 'ELABORATE' step in 'C:/Users/Ash29062/OneDrive - National Institute of Technology Karnataka, Surathkal/Desktop/MIPS-32/Mips 32 sim2/project_2.sim/sim_1/behav/xsim'
"xelab --incr --debug typical --relax --mt 2 -L xil_defaultlib -L unisims_ver -L unimacro_ver -L secureip --snapshot test_mips32_behav xil_defaultlib.test_mips32 xil_defaultlib.glbl -log elaborate.log"
Vivado Simulator v2024.2.0
Copyright 1986-2022 Xilinx, Inc. All Rights Reserved.
Copyright 2022-2024 Advanced Micro Devices, Inc. All Rights Reserved.
Running: C:/Xilinx/Vivado/2024.2/bin/unwrapped/win64.o/xelab.exe --incr --debug typical --relax --mt 2 -L xil_defaultlib -L unisims_ver -L unimacro_ver -L secureip --snapshot test_mips32_behav xil_defaultlib.test_mips32 xil_defaultlib.glbl -log elaborate.log 
Using 2 slave threads.
Starting static elaboration
Pass Through NonSizing Optimizer
Completed static elaboration
Starting simulation data flow analysis
Completed simulation data flow analysis
Time Resolution for simulation is 1ps
Compiling module xil_defaultlib.pipe_MIPS32
Compiling module xil_defaultlib.test_mips32
Compiling module xil_defaultlib.glbl
Built simulation snapshot test_mips32_behav
INFO: [USF-XSim-69] 'elaborate' step finished in '2' seconds
INFO: [USF-XSim-4] XSim::Simulate design
INFO: [USF-XSim-61] Executing 'SIMULATE' step in 'C:/Users/Ash29062/OneDrive - National Institute of Technology Karnataka, Surathkal/Desktop/MIPS-32/Mips 32 sim2/project_2.sim/sim_1/behav/xsim'
INFO: [USF-XSim-98] *** Running xsim
   with args "test_mips32_behav -key {Behavioral:sim_1:Functional:test_mips32} -tclbatch {test_mips32.tcl} -log {simulate.log}"
INFO: [USF-XSim-8] Loading simulator feature
Time resolution is 1 ps
source test_mips32.tcl
# set curr_wave [current_wave_config]
# if { [string length $curr_wave] == 0 } {
#   if { [llength [get_objects]] > 0} {
#     add_wave /
#     set_property needs_save false [current_wave_config]
#   } else {
#      send_msg_id Add_Wave-1 WARNING "No top level signals found. Simulator will start without a wave window. If you want to open a wave window go to 'File->New Waveform Configuration' or type 'create_wave_config' in the TCL console."
#   }
# }
# run 1000ns
Mem[120]:   85 
Mem[121]:  130
$finish called at time : 600 ns : File "C:/Users/Ash29062/OneDrive - National Institute of Technology Karnataka, Surathkal/Desktop/MIPS-32/Mips 32 sim2/project_2.srcs/sim_1/new/Mips_tb2.v" Line 61
INFO: [USF-XSim-96] XSim completed. Design snapshot 'test_mips32_behav' loaded.
INFO: [USF-XSim-97] XSim simulation ran for 1000ns
launch_simulation: Time (s): cpu = 00:00:04 ; elapsed = 00:00:07 . Memory (MB): peak = 1260.320 ; gain = 6.203
current_wave_config {}
WARNING: [Wavedata 42-16] Error Unable to get wave configuration ''.
Untitled 1
add_wave {{/test_mips32/mips/clk1}} {{/test_mips32/mips/clk2}} {{/test_mips32/mips/PC}} {{/test_mips32/mips/IF_ID_IR}} {{/test_mips32/mips/IF_ID_NPC}} {{/test_mips32/mips/ID_EX_IR}} {{/test_mips32/mips/ID_EX_NPC}} {{/test_mips32/mips/ID_EX_A}} {{/test_mips32/mips/ID_EX_B}} {{/test_mips32/mips/ID_EX_Imm}} {{/test_mips32/mips/ID_EX_type}} {{/test_mips32/mips/EX_MEM_type}} {{/test_mips32/mips/MEM_WB_type}} {{/test_mips32/mips/EX_MEM_IR}} {{/test_mips32/mips/EX_MEM_ALUOut}} {{/test_mips32/mips/EX_MEM_B}} {{/test_mips32/mips/EX_MEM_cond}} {{/test_mips32/mips/MEM_WB_IR}} {{/test_mips32/mips/MEM_WB_ALUOut}} {{/test_mips32/mips/MEM_WB_LMD}} {{/test_mips32/mips/Reg}} {{/test_mips32/mips/Mem}} {{/test_mips32/mips/HALTED}} {{/test_mips32/mips/TAKEN_BRANCH}} {{/test_mips32/mips/ADD}} {{/test_mips32/mips/SUB}} {{/test_mips32/mips/AND}} {{/test_mips32/mips/OR}} {{/test_mips32/mips/SLT}} {{/test_mips32/mips/MUL}} {{/test_mips32/mips/HLT}} {{/test_mips32/mips/LW}} {{/test_mips32/mips/SW}} {{/test_mips32/mips/ADDI}} {{/test_mips32/mips/SUBI}} {{/test_mips32/mips/SLTI}} {{/test_mips32/mips/BNEQZ}} {{/test_mips32/mips/BEQZ}} {{/test_mips32/mips/RR_ALU}} {{/test_mips32/mips/RM_ALU}} {{/test_mips32/mips/LOAD}} {{/test_mips32/mips/STORE}} {{/test_mips32/mips/BRANCH}} {{/test_mips32/mips/HALT}} 
relaunch_sim
Command: launch_simulation -step compile -simset sim_1 -mode behavioral
INFO: [Vivado 12-12493] Simulation top is 'test_mips32'
WARNING: [Vivado 12-13340] Unable to auto find GCC executables from simulator install path! (path not set)
INFO: [Vivado 12-5682] Launching behavioral simulation in 'C:/Users/Ash29062/OneDrive - National Institute of Technology Karnataka, Surathkal/Desktop/MIPS-32/Mips 32 sim2/project_2.sim/sim_1/behav/xsim'
INFO: [SIM-utils-51] Simulation object is 'sim_1'
INFO: [SIM-utils-72] Using boost library from 'C:/Xilinx/Vivado/2024.2/tps/boost_1_72_0'
INFO: [SIM-utils-54] Inspecting design source files for 'test_mips32' in fileset 'sim_1'...
INFO: [USF-XSim-97] Finding global include files...
INFO: [USF-XSim-98] Fetching design files from 'sim_1'...
INFO: [USF-XSim-2] XSim::Compile design
INFO: [USF-XSim-61] Executing 'COMPILE and ANALYZE' step in 'C:/Users/Ash29062/OneDrive - National Institute of Technology Karnataka, Surathkal/Desktop/MIPS-32/Mips 32 sim2/project_2.sim/sim_1/behav/xsim'
"xvlog --incr --relax -prj test_mips32_vlog.prj"
INFO: [VRFC 10-2263] Analyzing Verilog file "C:/Users/Ash29062/OneDrive - National Institute of Technology Karnataka, Surathkal/Desktop/MIPS-32/Mips 32 sim2/project_2.srcs/sources_1/new/processor.v" into library xil_defaultlib
INFO: [VRFC 10-311] analyzing module pipe_MIPS32
INFO: [VRFC 10-2263] Analyzing Verilog file "C:/Users/Ash29062/OneDrive - National Institute of Technology Karnataka, Surathkal/Desktop/MIPS-32/Mips 32 sim2/project_2.srcs/sim_1/new/Mips_tb2.v" into library xil_defaultlib
INFO: [VRFC 10-311] analyzing module test_mips32
INFO: [VRFC 10-2263] Analyzing Verilog file "C:/Users/Ash29062/OneDrive - National Institute of Technology Karnataka, Surathkal/Desktop/MIPS-32/Mips 32 sim2/project_2.sim/sim_1/behav/xsim/glbl.v" into library xil_defaultlib
INFO: [VRFC 10-311] analyzing module glbl
INFO: [USF-XSim-69] 'compile' step finished in '2' seconds
Command: launch_simulation -step elaborate -simset sim_1 -mode behavioral
INFO: [Vivado 12-12493] Simulation top is 'test_mips32'
WARNING: [Vivado 12-13340] Unable to auto find GCC executables from simulator install path! (path not set)
INFO: [Vivado 12-5682] Launching behavioral simulation in 'C:/Users/Ash29062/OneDrive - National Institute of Technology Karnataka, Surathkal/Desktop/MIPS-32/Mips 32 sim2/project_2.sim/sim_1/behav/xsim'
INFO: [SIM-utils-51] Simulation object is 'sim_1'
INFO: [USF-XSim-3] XSim::Elaborate design
INFO: [USF-XSim-61] Executing 'ELABORATE' step in 'C:/Users/Ash29062/OneDrive - National Institute of Technology Karnataka, Surathkal/Desktop/MIPS-32/Mips 32 sim2/project_2.sim/sim_1/behav/xsim'
"xelab --incr --debug typical --relax --mt 2 -L xil_defaultlib -L unisims_ver -L unimacro_ver -L secureip --snapshot test_mips32_behav xil_defaultlib.test_mips32 xil_defaultlib.glbl -log elaborate.log"
Vivado Simulator v2024.2.0
Copyright 1986-2022 Xilinx, Inc. All Rights Reserved.
Copyright 2022-2024 Advanced Micro Devices, Inc. All Rights Reserved.
Running: C:/Xilinx/Vivado/2024.2/bin/unwrapped/win64.o/xelab.exe --incr --debug typical --relax --mt 2 -L xil_defaultlib -L unisims_ver -L unimacro_ver -L secureip --snapshot test_mips32_behav xil_defaultlib.test_mips32 xil_defaultlib.glbl -log elaborate.log 
Using 2 slave threads.
Starting static elaboration
Pass Through NonSizing Optimizer
Completed static elaboration
Starting simulation data flow analysis
Completed simulation data flow analysis
Time Resolution for simulation is 1ps
Compiling module xil_defaultlib.pipe_MIPS32
Compiling module xil_defaultlib.test_mips32
Compiling module xil_defaultlib.glbl
Built simulation snapshot test_mips32_behav
INFO: [USF-XSim-69] 'elaborate' step finished in '3' seconds
Time resolution is 1 ps
Mem[120]:   85 
Mem[121]:  130
$finish called at time : 600 ns : File "C:/Users/Ash29062/OneDrive - National Institute of Technology Karnataka, Surathkal/Desktop/MIPS-32/Mips 32 sim2/project_2.srcs/sim_1/new/Mips_tb2.v" Line 61
relaunch_sim: Time (s): cpu = 00:00:02 ; elapsed = 00:00:07 . Memory (MB): peak = 1275.586 ; gain = 0.000
save_wave_config {C:/Users/Ash29062/OneDrive - National Institute of Technology Karnataka, Surathkal/Desktop/MIPS-32/Mips 32 sim2/test_mips32_behav.wcfg}
add_files -fileset sim_1 -norecurse {{C:/Users/Ash29062/OneDrive - National Institute of Technology Karnataka, Surathkal/Desktop/MIPS-32/Mips 32 sim2/test_mips32_behav.wcfg}}
set_property xsim.view {{C:/Users/Ash29062/OneDrive - National Institute of Technology Karnataka, Surathkal/Desktop/MIPS-32/Mips 32 sim2/test1_mips32_behav.wcfg} {C:/Users/Ash29062/OneDrive - National Institute of Technology Karnataka, Surathkal/Desktop/MIPS-32/Mips 32 sim2/test_mips32_behav.wcfg}} [get_filesets sim_1]
WARNING: [filemgmt 56-199] Attempt to get parsing info during refresh. "On-the-fly" syntax checking information may be incorrect. [C:\Users\Ash29062\OneDrive - National Institute of Technology Karnataka, Surathkal\Desktop\MIPS-32\Mips 32 sim2\project_2.srcs\sim_1\new\Mips_tb2.v:]
WARNING: [filemgmt 56-199] Attempt to get parsing info during refresh. "On-the-fly" syntax checking information may be incorrect. [C:\Users\Ash29062\OneDrive - National Institute of Technology Karnataka, Surathkal\Desktop\MIPS-32\Mips 32 sim2\project_2.srcs\sources_1\new\processor.v:]
WARNING: [filemgmt 56-199] Attempt to get parsing info during refresh. "On-the-fly" syntax checking information may be incorrect. [C:\Users\Ash29062\OneDrive - National Institute of Technology Karnataka, Surathkal\Desktop\MIPS-32\Mips 32 sim2\project_2.srcs\sources_1\new\processor.v:]
WARNING: [filemgmt 56-199] Attempt to get parsing info during refresh. "On-the-fly" syntax checking information may be incorrect. [C:\Users\Ash29062\OneDrive - National Institute of Technology Karnataka, Surathkal\Desktop\MIPS-32\Mips 32 sim2\project_2.srcs\sources_1\new\processor.v:]
ERROR: [Common 17-180] Spawn failed: No error
close_sim
INFO: [Simtcl 6-16] Simulation closed
exit
INFO: [Common 17-206] Exiting Vivado at Sat Jun 14 17:16:01 2025...
