#-----------------------------------------------------------
# Vivado v2024.2 (64-bit)
# SW Build 5239630 on Fri Nov 08 22:35:27 MST 2024
# IP Build 5239520 on Sun Nov 10 16:12:51 MST 2024
# SharedData Build 5239561 on Fri Nov 08 14:39:27 MST 2024
# Start of session at: Sat Jun 14 17:30:05 2025
# Process ID         : 12948
# Current directory  : C:/Users/Ash29062/OneDrive - National Institute of Technology Karnataka, Surathkal/Desktop/MIPS-32/Mips 32 sim1
# Command line       : vivado.exe -gui_launcher_event rodinguilauncherevent25364 C:\Users\Ash29062\OneDrive - National Institute of Technology Karnataka, Surathkal\Desktop\MIPS-32\Mips 32 sim1\project_1.xpr
# Log file           : C:/Users/Ash29062/OneDrive - National Institute of Technology Karnataka, Surathkal/Desktop/MIPS-32/Mips 32 sim1/vivado.log
# Journal file       : C:/Users/Ash29062/OneDrive - National Institute of Technology Karnataka, Surathkal/Desktop/MIPS-32/Mips 32 sim1\vivado.jou
# Running On         : DESKTOP-20GRUVQ
# Platform           : Windows Server 2016 or Windows 10
# Operating System   : 26100
# Processor Detail   : 12th Gen Intel(R) Core(TM) i5-12450H
# CPU Frequency      : 2496 MHz
# CPU Physical cores : 8
# CPU Logical cores  : 12
# Host memory        : 16831 MB
# Swap memory        : 16831 MB
# Total Virtual      : 33663 MB
# Available Virtual  : 17365 MB
#-----------------------------------------------------------
start_gui
open_project {C:/Users/Ash29062/OneDrive - National Institute of Technology Karnataka, Surathkal/Desktop/MIPS-32/Mips 32 sim1/project_1.xpr}
INFO: [ProjectBase 1-489] The host OS only allows 260 characters in a normal path. The project is stored in a path with more than 80 characters. If you experience issues with IP, Block Designs, or files not being found, please consider moving the project to a location with a shorter path. Alternately consider using the OS subst command to map part of the path to a drive letter.
Current project path is 'C:/Users/Ash29062/OneDrive - National Institute of Technology Karnataka, Surathkal/Desktop/MIPS-32/Mips 32 sim1'
INFO: [Project 1-313] Project file moved from 'C:/Users/Ash29062/OneDrive - National Institute of Technology Karnataka, Surathkal/Desktop/MIPS-32/project_1' since last save.
INFO: [filemgmt 56-3] Default IP Output Path : Could not find the directory 'C:/Users/Ash29062/OneDrive - National Institute of Technology Karnataka, Surathkal/Desktop/MIPS-32/Mips 32 sim1/project_1.gen/sources_1'.
CRITICAL WARNING: [Project 1-311] Could not find the file 'C:/Users/Ash29062/OneDrive - National Institute of Technology Karnataka, Surathkal/Desktop/MIPS-32/Mips 32 sim1/project_1.srcs/sim_1/new/Mips_tb2.v', nor could it be found using path 'C:/Users/Ash29062/OneDrive - National Institute of Technology Karnataka, Surathkal/Desktop/MIPS-32/project_1/project_1.srcs/sim_1/new/Mips_tb2.v'.
Scanning sources...
Finished scanning sources
INFO: [IP_Flow 19-234] Refreshing IP repositories
INFO: [IP_Flow 19-1704] No user IP repositories specified
INFO: [IP_Flow 19-2313] Loaded Vivado IP repository 'C:/Xilinx/Vivado/2024.2/data/ip'.
open_project: Time (s): cpu = 00:00:09 ; elapsed = 00:00:06 . Memory (MB): peak = 1195.449 ; gain = 84.934
update_compile_order -fileset sources_1
update_compile_order -fileset sim_1
WARNING: [filemgmt 56-199] Attempt to get parsing info during refresh. "On-the-fly" syntax checking information may be incorrect. [C:\Users\Ash29062\OneDrive - National Institute of Technology Karnataka, Surathkal\Desktop\MIPS-32\Mips 32 sim1\project_1.srcs\sources_1\new\processor.v:]
WARNING: [filemgmt 56-199] Attempt to get parsing info during refresh. "On-the-fly" syntax checking information may be incorrect. [C:\Users\Ash29062\OneDrive - National Institute of Technology Karnataka, Surathkal\Desktop\MIPS-32\Mips 32 sim1\project_1.srcs\sim_1\new\Mips_tb1.v:]
WARNING: [filemgmt 56-199] Attempt to get parsing info during refresh. "On-the-fly" syntax checking information may be incorrect. [C:\Users\Ash29062\OneDrive - National Institute of Technology Karnataka, Surathkal\Desktop\MIPS-32\Mips 32 sim1\project_1.srcs\sim_1\new\Mips_tb1.v:]
WARNING: [filemgmt 56-199] Attempt to get parsing info during refresh. "On-the-fly" syntax checking information may be incorrect. [C:\Users\Ash29062\OneDrive - National Institute of Technology Karnataka, Surathkal\Desktop\MIPS-32\Mips 32 sim1\project_1.srcs\sim_1\new\Mips_tb1.v:]
ERROR: [Common 17-180] Spawn failed: No error
exit
INFO: [Common 17-206] Exiting Vivado at Sat Jun 14 17:32:02 2025...
